{"/Users/zachjones/WebstormProjects/daProxy/spec/unit/attack.spec.js":{"path":"/Users/zachjones/WebstormProjects/daProxy/spec/unit/attack.spec.js","s":{"1":1,"2":1,"3":1,"4":1,"5":1,"6":1,"7":1,"8":1,"9":1,"10":1,"11":1,"12":1,"13":1,"14":1,"15":1,"16":1,"17":1,"18":1,"19":1,"20":1,"21":1,"22":1,"23":1,"24":1,"25":1,"26":1,"27":1,"28":1,"29":1,"30":1,"31":1,"32":1},"b":{},"f":{"1":1,"2":1,"3":1,"4":1,"5":1,"6":1},"fnMap":{"1":{"name":"(anonymous_1)","line":4,"loc":{"start":{"line":4,"column":36},"end":{"line":4,"column":47}}},"2":{"name":"(anonymous_2)","line":6,"loc":{"start":{"line":6,"column":37},"end":{"line":6,"column":48}}},"3":{"name":"(anonymous_3)","line":11,"loc":{"start":{"line":11,"column":53},"end":{"line":11,"column":64}}},"4":{"name":"(anonymous_4)","line":21,"loc":{"start":{"line":21,"column":57},"end":{"line":21,"column":68}}},"5":{"name":"(anonymous_5)","line":31,"loc":{"start":{"line":31,"column":57},"end":{"line":31,"column":68}}},"6":{"name":"(anonymous_6)","line":40,"loc":{"start":{"line":40,"column":62},"end":{"line":40,"column":73}}}},"statementMap":{"1":{"start":{"line":1,"column":0},"end":{"line":1,"column":41}},"2":{"start":{"line":2,"column":0},"end":{"line":2,"column":44}},"3":{"start":{"line":4,"column":0},"end":{"line":49,"column":3}},"4":{"start":{"line":6,"column":2},"end":{"line":9,"column":5}},"5":{"start":{"line":7,"column":4},"end":{"line":7,"column":39}},"6":{"start":{"line":8,"column":4},"end":{"line":8,"column":50}},"7":{"start":{"line":11,"column":2},"end":{"line":19,"column":5}},"8":{"start":{"line":12,"column":4},"end":{"line":12,"column":69}},"9":{"start":{"line":13,"column":4},"end":{"line":13,"column":31}},"10":{"start":{"line":15,"column":4},"end":{"line":15,"column":25}},"11":{"start":{"line":16,"column":4},"end":{"line":16,"column":45}},"12":{"start":{"line":17,"column":4},"end":{"line":17,"column":36}},"13":{"start":{"line":18,"column":4},"end":{"line":18,"column":48}},"14":{"start":{"line":21,"column":2},"end":{"line":29,"column":5}},"15":{"start":{"line":22,"column":4},"end":{"line":22,"column":80}},"16":{"start":{"line":23,"column":4},"end":{"line":23,"column":31}},"17":{"start":{"line":25,"column":4},"end":{"line":25,"column":25}},"18":{"start":{"line":26,"column":4},"end":{"line":26,"column":49}},"19":{"start":{"line":27,"column":4},"end":{"line":27,"column":46}},"20":{"start":{"line":28,"column":4},"end":{"line":28,"column":48}},"21":{"start":{"line":31,"column":2},"end":{"line":38,"column":5}},"22":{"start":{"line":32,"column":4},"end":{"line":32,"column":65}},"23":{"start":{"line":33,"column":4},"end":{"line":33,"column":31}},"24":{"start":{"line":35,"column":4},"end":{"line":35,"column":25}},"25":{"start":{"line":36,"column":4},"end":{"line":36,"column":49}},"26":{"start":{"line":37,"column":4},"end":{"line":37,"column":48}},"27":{"start":{"line":40,"column":2},"end":{"line":47,"column":5}},"28":{"start":{"line":41,"column":4},"end":{"line":41,"column":63}},"29":{"start":{"line":42,"column":4},"end":{"line":42,"column":31}},"30":{"start":{"line":44,"column":4},"end":{"line":44,"column":25}},"31":{"start":{"line":45,"column":4},"end":{"line":45,"column":49}},"32":{"start":{"line":46,"column":4},"end":{"line":46,"column":48}}},"branchMap":{}},"/Users/zachjones/WebstormProjects/daProxy/lib/attack.js":{"path":"/Users/zachjones/WebstormProjects/daProxy/lib/attack.js","s":{"1":1,"2":1,"3":1,"4":1,"5":1,"6":1,"7":1,"8":4,"9":4,"10":4,"11":4,"12":4,"13":4,"14":4,"15":1,"16":4,"17":1,"18":4,"19":1,"20":4,"21":0,"22":4,"23":3,"24":1,"25":1,"26":1},"b":{"1":[1,3],"2":[1,3],"3":[1,3],"4":[0,4],"5":[3,1]},"f":{"1":4},"fnMap":{"1":{"name":"check","line":9,"loc":{"start":{"line":9,"column":0},"end":{"line":9,"column":23}}}},"statementMap":{"1":{"start":{"line":2,"column":0},"end":{"line":2,"column":36}},"2":{"start":{"line":3,"column":0},"end":{"line":3,"column":50}},"3":{"start":{"line":4,"column":0},"end":{"line":4,"column":42}},"4":{"start":{"line":5,"column":0},"end":{"line":5,"column":44}},"5":{"start":{"line":6,"column":0},"end":{"line":6,"column":50}},"6":{"start":{"line":7,"column":0},"end":{"line":7,"column":42}},"7":{"start":{"line":9,"column":0},"end":{"line":45,"column":1}},"8":{"start":{"line":11,"column":2},"end":{"line":11,"column":26}},"9":{"start":{"line":12,"column":2},"end":{"line":12,"column":22}},"10":{"start":{"line":15,"column":2},"end":{"line":15,"column":39}},"11":{"start":{"line":16,"column":2},"end":{"line":16,"column":41}},"12":{"start":{"line":17,"column":2},"end":{"line":17,"column":47}},"13":{"start":{"line":18,"column":2},"end":{"line":18,"column":39}},"14":{"start":{"line":21,"column":2},"end":{"line":23,"column":3}},"15":{"start":{"line":22,"column":4},"end":{"line":22,"column":35}},"16":{"start":{"line":25,"column":2},"end":{"line":27,"column":3}},"17":{"start":{"line":26,"column":4},"end":{"line":26,"column":36}},"18":{"start":{"line":29,"column":2},"end":{"line":31,"column":3}},"19":{"start":{"line":30,"column":4},"end":{"line":30,"column":39}},"20":{"start":{"line":33,"column":2},"end":{"line":35,"column":3}},"21":{"start":{"line":34,"column":4},"end":{"line":34,"column":35}},"22":{"start":{"line":38,"column":2},"end":{"line":44,"column":3}},"23":{"start":{"line":39,"column":4},"end":{"line":39,"column":29}},"24":{"start":{"line":42,"column":4},"end":{"line":42,"column":21}},"25":{"start":{"line":43,"column":4},"end":{"line":43,"column":29}},"26":{"start":{"line":47,"column":0},"end":{"line":47,"column":22}}},"branchMap":{"1":{"line":21,"type":"if","locations":[{"start":{"line":21,"column":2},"end":{"line":21,"column":2}},{"start":{"line":21,"column":2},"end":{"line":21,"column":2}}]},"2":{"line":25,"type":"if","locations":[{"start":{"line":25,"column":2},"end":{"line":25,"column":2}},{"start":{"line":25,"column":2},"end":{"line":25,"column":2}}]},"3":{"line":29,"type":"if","locations":[{"start":{"line":29,"column":2},"end":{"line":29,"column":2}},{"start":{"line":29,"column":2},"end":{"line":29,"column":2}}]},"4":{"line":33,"type":"if","locations":[{"start":{"line":33,"column":2},"end":{"line":33,"column":2}},{"start":{"line":33,"column":2},"end":{"line":33,"column":2}}]},"5":{"line":38,"type":"if","locations":[{"start":{"line":38,"column":2},"end":{"line":38,"column":2}},{"start":{"line":38,"column":2},"end":{"line":38,"column":2}}]}}},"/Users/zachjones/WebstormProjects/daProxy/lib/requestWriter.js":{"path":"/Users/zachjones/WebstormProjects/daProxy/lib/requestWriter.js","s":{"1":1,"2":1,"3":0,"4":0,"5":0,"6":0,"7":0,"8":1},"b":{"1":[0,0]},"f":{"1":0,"2":0},"fnMap":{"1":{"name":"requestWriter","line":3,"loc":{"start":{"line":3,"column":0},"end":{"line":3,"column":30}}},"2":{"name":"(anonymous_2)","line":5,"loc":{"start":{"line":5,"column":11},"end":{"line":5,"column":24}}}},"statementMap":{"1":{"start":{"line":1,"column":0},"end":{"line":1,"column":41}},"2":{"start":{"line":3,"column":0},"end":{"line":9,"column":1}},"3":{"start":{"line":4,"column":2},"end":{"line":4,"column":28}},"4":{"start":{"line":5,"column":2},"end":{"line":8,"column":5}},"5":{"start":{"line":6,"column":4},"end":{"line":6,"column":34}},"6":{"start":{"line":6,"column":13},"end":{"line":6,"column":34}},"7":{"start":{"line":7,"column":4},"end":{"line":7,"column":25}},"8":{"start":{"line":11,"column":0},"end":{"line":11,"column":38}}},"branchMap":{"1":{"line":6,"type":"if","locations":[{"start":{"line":6,"column":4},"end":{"line":6,"column":4}},{"start":{"line":6,"column":4},"end":{"line":6,"column":4}}]}}},"/Users/zachjones/WebstormProjects/daProxy/lib/requestSchema.js":{"path":"/Users/zachjones/WebstormProjects/daProxy/lib/requestSchema.js","s":{"1":1,"2":1,"3":1},"b":{},"f":{},"fnMap":{},"statementMap":{"1":{"start":{"line":1,"column":0},"end":{"line":1,"column":35}},"2":{"start":{"line":3,"column":0},"end":{"line":13,"column":3}},"3":{"start":{"line":15,"column":0},"end":{"line":15,"column":54}}},"branchMap":{}},"/Users/zachjones/WebstormProjects/daProxy/lib/waf/inspectors/inspect.js":{"path":"/Users/zachjones/WebstormProjects/daProxy/lib/waf/inspectors/inspect.js","s":{"1":1,"2":23,"3":23,"4":56,"5":8,"6":8,"7":8,"8":8,"9":56,"10":0,"11":0,"12":0,"13":0,"14":23},"b":{"1":[8,48],"2":[0,56],"3":[8,15]},"f":{"1":23},"fnMap":{"1":{"name":"(anonymous_1)","line":3,"loc":{"start":{"line":3,"column":17},"end":{"line":3,"column":45}}}},"statementMap":{"1":{"start":{"line":3,"column":0},"end":{"line":26,"column":2}},"2":{"start":{"line":4,"column":2},"end":{"line":9,"column":4}},"3":{"start":{"line":11,"column":2},"end":{"line":24,"column":3}},"4":{"start":{"line":12,"column":4},"end":{"line":17,"column":5}},"5":{"start":{"line":13,"column":6},"end":{"line":13,"column":29}},"6":{"start":{"line":14,"column":6},"end":{"line":14,"column":49}},"7":{"start":{"line":15,"column":6},"end":{"line":16,"column":6}},"8":{"start":{"line":16,"column":6},"end":{"line":16,"column":64}},"9":{"start":{"line":18,"column":4},"end":{"line":23,"column":5}},"10":{"start":{"line":19,"column":6},"end":{"line":19,"column":29}},"11":{"start":{"line":20,"column":6},"end":{"line":20,"column":49}},"12":{"start":{"line":21,"column":6},"end":{"line":22,"column":6}},"13":{"start":{"line":22,"column":6},"end":{"line":22,"column":64}},"14":{"start":{"line":25,"column":2},"end":{"line":25,"column":55}}},"branchMap":{"1":{"line":12,"type":"if","locations":[{"start":{"line":12,"column":4},"end":{"line":12,"column":4}},{"start":{"line":12,"column":4},"end":{"line":12,"column":4}}]},"2":{"line":18,"type":"if","locations":[{"start":{"line":18,"column":4},"end":{"line":18,"column":4}},{"start":{"line":18,"column":4},"end":{"line":18,"column":4}}]},"3":{"line":25,"type":"cond-expr","locations":[{"start":{"line":25,"column":36},"end":{"line":25,"column":41}},{"start":{"line":25,"column":44},"end":{"line":25,"column":54}}]}}},"/Users/zachjones/WebstormProjects/daProxy/lib/waf/inspectors/xss.js":{"path":"/Users/zachjones/WebstormProjects/daProxy/lib/waf/inspectors/xss.js","s":{"1":1},"b":{},"f":{},"fnMap":{},"statementMap":{"1":{"start":{"line":1,"column":0},"end":{"line":24,"column":0}}},"branchMap":{}},"/Users/zachjones/WebstormProjects/daProxy/lib/waf/inspectors/sqli.js":{"path":"/Users/zachjones/WebstormProjects/daProxy/lib/waf/inspectors/sqli.js","s":{"1":1},"b":{},"f":{},"fnMap":{},"statementMap":{"1":{"start":{"line":1,"column":0},"end":{"line":32,"column":0}}},"branchMap":{}},"/Users/zachjones/WebstormProjects/daProxy/lib/waf/inspectors/dirTrav.js":{"path":"/Users/zachjones/WebstormProjects/daProxy/lib/waf/inspectors/dirTrav.js","s":{"1":1},"b":{},"f":{},"fnMap":{},"statementMap":{"1":{"start":{"line":4,"column":0},"end":{"line":15,"column":0}}},"branchMap":{}},"/Users/zachjones/WebstormProjects/daProxy/lib/waf/inspectors/rce.js":{"path":"/Users/zachjones/WebstormProjects/daProxy/lib/waf/inspectors/rce.js","s":{"1":1},"b":{},"f":{},"fnMap":{},"statementMap":{"1":{"start":{"line":4,"column":0},"end":{"line":21,"column":0}}},"branchMap":{}},"/Users/zachjones/WebstormProjects/daProxy/spec/unit/cookieparser.spec.js":{"path":"/Users/zachjones/WebstormProjects/daProxy/spec/unit/cookieparser.spec.js","s":{"1":1,"2":1,"3":1,"4":1,"5":1,"6":1,"7":1,"8":1,"9":1,"10":1,"11":1,"12":1,"13":1,"14":1,"15":1,"16":1,"17":1,"18":1},"b":{},"f":{"1":1,"2":1,"3":1,"4":1},"fnMap":{"1":{"name":"(anonymous_1)","line":6,"loc":{"start":{"line":6,"column":37},"end":{"line":6,"column":48}}},"2":{"name":"(anonymous_2)","line":8,"loc":{"start":{"line":8,"column":21},"end":{"line":8,"column":32}}},"3":{"name":"(anonymous_3)","line":13,"loc":{"start":{"line":13,"column":39},"end":{"line":13,"column":50}}},"4":{"name":"(anonymous_4)","line":27,"loc":{"start":{"line":27,"column":83},"end":{"line":27,"column":94}}}},"statementMap":{"1":{"start":{"line":4,"column":0},"end":{"line":4,"column":43}},"2":{"start":{"line":6,"column":0},"end":{"line":39,"column":3}},"3":{"start":{"line":8,"column":2},"end":{"line":11,"column":5}},"4":{"start":{"line":9,"column":4},"end":{"line":9,"column":29}},"5":{"start":{"line":10,"column":4},"end":{"line":10,"column":40}},"6":{"start":{"line":13,"column":2},"end":{"line":25,"column":5}},"7":{"start":{"line":14,"column":4},"end":{"line":18,"column":6}},"8":{"start":{"line":19,"column":4},"end":{"line":19,"column":26}},"9":{"start":{"line":21,"column":4},"end":{"line":21,"column":34}},"10":{"start":{"line":22,"column":4},"end":{"line":22,"column":43}},"11":{"start":{"line":23,"column":4},"end":{"line":23,"column":40}},"12":{"start":{"line":24,"column":4},"end":{"line":24,"column":42}},"13":{"start":{"line":27,"column":2},"end":{"line":39,"column":0}},"14":{"start":{"line":28,"column":4},"end":{"line":33,"column":4}},"15":{"start":{"line":33,"column":4},"end":{"line":33,"column":26}},"16":{"start":{"line":35,"column":4},"end":{"line":35,"column":34}},"17":{"start":{"line":36,"column":4},"end":{"line":36,"column":43}},"18":{"start":{"line":37,"column":4},"end":{"line":37,"column":40}}},"branchMap":{}},"/Users/zachjones/WebstormProjects/daProxy/lib/cookieparser.js":{"path":"/Users/zachjones/WebstormProjects/daProxy/lib/cookieparser.js","s":{"1":1,"2":1,"3":2,"4":2,"5":5,"6":5,"7":5,"8":1,"9":1,"10":2},"b":{"1":[2,2]},"f":{"1":2,"2":5},"fnMap":{"1":{"name":"parseCookies","line":3,"loc":{"start":{"line":3,"column":17},"end":{"line":3,"column":49}}},"2":{"name":"(anonymous_2)","line":7,"loc":{"start":{"line":7,"column":30},"end":{"line":7,"column":49}}}},"statementMap":{"1":{"start":{"line":1,"column":0},"end":{"line":1,"column":25}},"2":{"start":{"line":3,"column":0},"end":{"line":20,"column":0}},"3":{"start":{"line":4,"column":2},"end":{"line":5,"column":32}},"4":{"start":{"line":7,"column":2},"end":{"line":16,"column":5}},"5":{"start":{"line":8,"column":4},"end":{"line":8,"column":34}},"6":{"start":{"line":9,"column":4},"end":{"line":15,"column":5}},"7":{"start":{"line":10,"column":6},"end":{"line":10,"column":71}},"8":{"start":{"line":13,"column":6},"end":{"line":13,"column":50}},"9":{"start":{"line":14,"column":6},"end":{"line":14,"column":51}},"10":{"start":{"line":17,"column":2},"end":{"line":17,"column":14}}},"branchMap":{"1":{"line":7,"type":"binary-expr","locations":[{"start":{"line":7,"column":2},"end":{"line":7,"column":4}},{"start":{"line":7,"column":8},"end":{"line":16,"column":4}}]}}},"/Users/zachjones/WebstormProjects/daProxy/spec/unit/inspect.spec.js":{"path":"/Users/zachjones/WebstormProjects/daProxy/spec/unit/inspect.spec.js","s":{"1":1,"2":1,"3":1,"4":1,"5":1,"6":1,"7":1,"8":1,"9":1,"10":1,"11":1,"12":1,"13":1,"14":1,"15":1,"16":1,"17":1,"18":1,"19":1,"20":1,"21":1,"22":1,"23":1,"24":1,"25":1,"26":1,"27":1,"28":1,"29":1,"30":1,"31":1,"32":1,"33":1,"34":1,"35":1,"36":1,"37":1,"38":1,"39":1,"40":1,"41":1,"42":1,"43":1,"44":1,"45":1,"46":1,"47":1,"48":1,"49":1,"50":1,"51":1},"b":{},"f":{"1":1,"2":1,"3":1,"4":1,"5":1,"6":1,"7":1,"8":1,"9":1},"fnMap":{"1":{"name":"(anonymous_1)","line":7,"loc":{"start":{"line":7,"column":29},"end":{"line":7,"column":40}}},"2":{"name":"(anonymous_2)","line":9,"loc":{"start":{"line":9,"column":29},"end":{"line":9,"column":40}}},"3":{"name":"(anonymous_3)","line":13,"loc":{"start":{"line":13,"column":55},"end":{"line":13,"column":65}}},"4":{"name":"(anonymous_4)","line":20,"loc":{"start":{"line":20,"column":56},"end":{"line":20,"column":66}}},"5":{"name":"(anonymous_5)","line":27,"loc":{"start":{"line":27,"column":69},"end":{"line":27,"column":80}}},"6":{"name":"(anonymous_6)","line":37,"loc":{"start":{"line":37,"column":73},"end":{"line":37,"column":84}}},"7":{"name":"(anonymous_7)","line":47,"loc":{"start":{"line":47,"column":73},"end":{"line":47,"column":84}}},"8":{"name":"(anonymous_8)","line":57,"loc":{"start":{"line":57,"column":62},"end":{"line":57,"column":73}}},"9":{"name":"(anonymous_9)","line":67,"loc":{"start":{"line":67,"column":70},"end":{"line":67,"column":81}}}},"statementMap":{"1":{"start":{"line":1,"column":0},"end":{"line":1,"column":58}},"2":{"start":{"line":2,"column":0},"end":{"line":2,"column":50}},"3":{"start":{"line":3,"column":0},"end":{"line":3,"column":52}},"4":{"start":{"line":4,"column":0},"end":{"line":4,"column":58}},"5":{"start":{"line":5,"column":0},"end":{"line":5,"column":50}},"6":{"start":{"line":7,"column":0},"end":{"line":77,"column":3}},"7":{"start":{"line":9,"column":2},"end":{"line":11,"column":5}},"8":{"start":{"line":10,"column":4},"end":{"line":10,"column":45}},"9":{"start":{"line":13,"column":2},"end":{"line":18,"column":5}},"10":{"start":{"line":14,"column":4},"end":{"line":14,"column":60}},"11":{"start":{"line":15,"column":4},"end":{"line":15,"column":38}},"12":{"start":{"line":17,"column":4},"end":{"line":17,"column":36}},"13":{"start":{"line":20,"column":2},"end":{"line":25,"column":5}},"14":{"start":{"line":21,"column":4},"end":{"line":21,"column":66}},"15":{"start":{"line":22,"column":4},"end":{"line":22,"column":38}},"16":{"start":{"line":24,"column":4},"end":{"line":24,"column":36}},"17":{"start":{"line":27,"column":2},"end":{"line":35,"column":5}},"18":{"start":{"line":28,"column":4},"end":{"line":28,"column":70}},"19":{"start":{"line":29,"column":4},"end":{"line":29,"column":38}},"20":{"start":{"line":31,"column":4},"end":{"line":31,"column":36}},"21":{"start":{"line":32,"column":4},"end":{"line":32,"column":34}},"22":{"start":{"line":33,"column":4},"end":{"line":33,"column":50}},"23":{"start":{"line":34,"column":4},"end":{"line":34,"column":34}},"24":{"start":{"line":37,"column":2},"end":{"line":45,"column":5}},"25":{"start":{"line":38,"column":4},"end":{"line":38,"column":65}},"26":{"start":{"line":39,"column":4},"end":{"line":39,"column":39}},"27":{"start":{"line":41,"column":4},"end":{"line":41,"column":37}},"28":{"start":{"line":42,"column":4},"end":{"line":42,"column":34}},"29":{"start":{"line":43,"column":4},"end":{"line":43,"column":46}},"30":{"start":{"line":44,"column":4},"end":{"line":44,"column":33}},"31":{"start":{"line":47,"column":2},"end":{"line":55,"column":5}},"32":{"start":{"line":48,"column":4},"end":{"line":48,"column":68}},"33":{"start":{"line":49,"column":4},"end":{"line":49,"column":42}},"34":{"start":{"line":51,"column":4},"end":{"line":51,"column":40}},"35":{"start":{"line":52,"column":4},"end":{"line":52,"column":34}},"36":{"start":{"line":53,"column":4},"end":{"line":53,"column":45}},"37":{"start":{"line":54,"column":4},"end":{"line":54,"column":34}},"38":{"start":{"line":57,"column":2},"end":{"line":65,"column":5}},"39":{"start":{"line":58,"column":4},"end":{"line":58,"column":604}},"40":{"start":{"line":59,"column":4},"end":{"line":59,"column":38}},"41":{"start":{"line":61,"column":4},"end":{"line":61,"column":36}},"42":{"start":{"line":62,"column":4},"end":{"line":62,"column":34}},"43":{"start":{"line":63,"column":4},"end":{"line":63,"column":620}},"44":{"start":{"line":64,"column":4},"end":{"line":64,"column":34}},"45":{"start":{"line":67,"column":2},"end":{"line":75,"column":5}},"46":{"start":{"line":68,"column":4},"end":{"line":68,"column":249}},"47":{"start":{"line":69,"column":4},"end":{"line":69,"column":38}},"48":{"start":{"line":71,"column":4},"end":{"line":71,"column":36}},"49":{"start":{"line":72,"column":4},"end":{"line":72,"column":34}},"50":{"start":{"line":73,"column":4},"end":{"line":73,"column":254}},"51":{"start":{"line":74,"column":4},"end":{"line":74,"column":34}}},"branchMap":{}},"/Users/zachjones/WebstormProjects/daProxy/spec/unit/proxyserver.spec.js":{"path":"/Users/zachjones/WebstormProjects/daProxy/spec/unit/proxyserver.spec.js","s":{"1":1,"2":1,"3":1,"4":1,"5":1,"6":1,"7":1,"8":1,"9":1,"10":1,"11":1,"12":1,"13":1},"b":{},"f":{"1":1,"2":1},"fnMap":{"1":{"name":"(anonymous_1)","line":9,"loc":{"start":{"line":9,"column":30},"end":{"line":9,"column":41}}},"2":{"name":"(anonymous_2)","line":11,"loc":{"start":{"line":11,"column":52},"end":{"line":11,"column":63}}}},"statementMap":{"1":{"start":{"line":4,"column":0},"end":{"line":4,"column":31}},"2":{"start":{"line":5,"column":0},"end":{"line":5,"column":44}},"3":{"start":{"line":6,"column":0},"end":{"line":6,"column":31}},"4":{"start":{"line":9,"column":0},"end":{"line":23,"column":3}},"5":{"start":{"line":11,"column":2},"end":{"line":21,"column":5}},"6":{"start":{"line":12,"column":4},"end":{"line":12,"column":49}},"7":{"start":{"line":13,"column":4},"end":{"line":13,"column":49}},"8":{"start":{"line":14,"column":4},"end":{"line":14,"column":42}},"9":{"start":{"line":15,"column":4},"end":{"line":15,"column":21}},"10":{"start":{"line":16,"column":4},"end":{"line":16,"column":33}},"11":{"start":{"line":17,"column":4},"end":{"line":17,"column":45}},"12":{"start":{"line":18,"column":4},"end":{"line":18,"column":38}},"13":{"start":{"line":19,"column":4},"end":{"line":19,"column":48}}},"branchMap":{}},"/Users/zachjones/WebstormProjects/daProxy/lib/proxyserver.js":{"path":"/Users/zachjones/WebstormProjects/daProxy/lib/proxyserver.js","s":{"1":1,"2":1,"3":1,"4":1,"5":0,"6":1,"7":0,"8":0,"9":0,"10":0,"11":0,"12":0,"13":1,"14":0,"15":0,"16":0,"17":0,"18":0,"19":0,"20":1,"21":0,"22":1,"23":0,"24":0,"25":0,"26":0,"27":0,"28":0,"29":0,"30":0,"31":0,"32":1,"33":0,"34":0,"35":0,"36":0,"37":0,"38":0,"39":0,"40":0},"b":{"1":[0,0],"2":[0,0],"3":[0,0],"4":[0,0],"5":[0,0],"6":[0,0]},"f":{"1":1,"2":0,"3":0,"4":0,"5":0,"6":0,"7":0,"8":0,"9":0,"10":0},"fnMap":{"1":{"name":"(anonymous_1)","line":10,"loc":{"start":{"line":10,"column":17},"end":{"line":10,"column":31}}},"2":{"name":"(anonymous_2)","line":15,"loc":{"start":{"line":15,"column":23},"end":{"line":15,"column":33}}},"3":{"name":"(anonymous_3)","line":20,"loc":{"start":{"line":20,"column":22},"end":{"line":20,"column":58}}},"4":{"name":"(anonymous_4)","line":22,"loc":{"start":{"line":22,"column":23},"end":{"line":22,"column":45}}},"5":{"name":"(anonymous_5)","line":31,"loc":{"start":{"line":31,"column":20},"end":{"line":31,"column":48}}},"6":{"name":"(anonymous_6)","line":43,"loc":{"start":{"line":43,"column":18},"end":{"line":43,"column":36}}},"7":{"name":"(anonymous_7)","line":48,"loc":{"start":{"line":48,"column":20},"end":{"line":48,"column":49}}},"8":{"name":"createServer","line":67,"loc":{"start":{"line":67,"column":17},"end":{"line":67,"column":68}}},"9":{"name":"(anonymous_9)","line":72,"loc":{"start":{"line":72,"column":21},"end":{"line":72,"column":32}}},"10":{"name":"(anonymous_10)","line":75,"loc":{"start":{"line":75,"column":20},"end":{"line":75,"column":31}}}},"statementMap":{"1":{"start":{"line":1,"column":0},"end":{"line":8,"column":14}},"2":{"start":{"line":10,"column":0},"end":{"line":13,"column":2}},"3":{"start":{"line":12,"column":2},"end":{"line":12,"column":20}},"4":{"start":{"line":15,"column":0},"end":{"line":18,"column":2}},"5":{"start":{"line":17,"column":2},"end":{"line":17,"column":21}},"6":{"start":{"line":20,"column":0},"end":{"line":29,"column":2}},"7":{"start":{"line":21,"column":2},"end":{"line":21,"column":53}},"8":{"start":{"line":22,"column":2},"end":{"line":29,"column":0}},"9":{"start":{"line":23,"column":4},"end":{"line":25,"column":5}},"10":{"start":{"line":24,"column":6},"end":{"line":24,"column":34}},"11":{"start":{"line":26,"column":4},"end":{"line":26,"column":28}},"12":{"start":{"line":27,"column":4},"end":{"line":27,"column":46}},"13":{"start":{"line":31,"column":0},"end":{"line":41,"column":2}},"14":{"start":{"line":32,"column":2},"end":{"line":32,"column":11}},"15":{"start":{"line":33,"column":2},"end":{"line":39,"column":3}},"16":{"start":{"line":34,"column":4},"end":{"line":34,"column":21}},"17":{"start":{"line":35,"column":4},"end":{"line":35,"column":46}},"18":{"start":{"line":38,"column":4},"end":{"line":38,"column":24}},"19":{"start":{"line":40,"column":2},"end":{"line":41,"column":0}},"20":{"start":{"line":43,"column":0},"end":{"line":45,"column":2}},"21":{"start":{"line":44,"column":2},"end":{"line":45,"column":0}},"22":{"start":{"line":48,"column":0},"end":{"line":65,"column":2}},"23":{"start":{"line":49,"column":2},"end":{"line":64,"column":3}},"24":{"start":{"line":51,"column":4},"end":{"line":51,"column":44}},"25":{"start":{"line":52,"column":4},"end":{"line":52,"column":66}},"26":{"start":{"line":53,"column":4},"end":{"line":53,"column":35}},"27":{"start":{"line":54,"column":4},"end":{"line":54,"column":40}},"28":{"start":{"line":56,"column":4},"end":{"line":56,"column":115}},"29":{"start":{"line":61,"column":4},"end":{"line":61,"column":41}},"30":{"start":{"line":62,"column":4},"end":{"line":62,"column":95}},"31":{"start":{"line":63,"column":4},"end":{"line":63,"column":19}},"32":{"start":{"line":67,"column":0},"end":{"line":79,"column":2}},"33":{"start":{"line":68,"column":2},"end":{"line":68,"column":16}},"34":{"start":{"line":69,"column":2},"end":{"line":69,"column":32}},"35":{"start":{"line":70,"column":2},"end":{"line":70,"column":48}},"36":{"start":{"line":72,"column":2},"end":{"line":74,"column":4}},"37":{"start":{"line":73,"column":4},"end":{"line":73,"column":24}},"38":{"start":{"line":75,"column":2},"end":{"line":77,"column":4}},"39":{"start":{"line":76,"column":4},"end":{"line":76,"column":19}},"40":{"start":{"line":78,"column":2},"end":{"line":78,"column":14}}},"branchMap":{"1":{"line":23,"type":"if","locations":[{"start":{"line":23,"column":4},"end":{"line":23,"column":4}},{"start":{"line":23,"column":4},"end":{"line":23,"column":4}}]},"2":{"line":23,"type":"binary-expr","locations":[{"start":{"line":23,"column":7},"end":{"line":23,"column":11}},{"start":{"line":23,"column":15},"end":{"line":23,"column":50}}]},"3":{"line":33,"type":"if","locations":[{"start":{"line":33,"column":2},"end":{"line":33,"column":2}},{"start":{"line":33,"column":2},"end":{"line":33,"column":2}}]},"4":{"line":44,"type":"cond-expr","locations":[{"start":{"line":44,"column":48},"end":{"line":44,"column":82}},{"start":{"line":44,"column":85},"end":{"line":44,"column":117}}]},"5":{"line":49,"type":"if","locations":[{"start":{"line":49,"column":2},"end":{"line":49,"column":2}},{"start":{"line":49,"column":2},"end":{"line":49,"column":2}}]},"6":{"line":49,"type":"binary-expr","locations":[{"start":{"line":49,"column":6},"end":{"line":49,"column":26}},{"start":{"line":49,"column":30},"end":{"line":49,"column":98}}]}}},"/Users/zachjones/WebstormProjects/daProxy/spec/unit/sqli.spec.js":{"path":"/Users/zachjones/WebstormProjects/daProxy/spec/unit/sqli.spec.js","s":{"1":1,"2":1,"3":1,"4":1,"5":1,"6":1,"7":1,"8":1,"9":1,"10":1,"11":5,"12":5,"13":5,"14":5,"15":5,"16":5,"17":5,"18":5,"19":1,"20":1,"21":1,"22":1,"23":1,"24":1,"25":1,"26":1,"27":1,"28":1,"29":1,"30":1,"31":1,"32":1,"33":1,"34":1,"35":1,"36":1,"37":1,"38":1,"39":1},"b":{},"f":{"1":1,"2":1,"3":1,"4":1,"5":5,"6":5,"7":1,"8":1,"9":1,"10":1,"11":1,"12":1,"13":1},"fnMap":{"1":{"name":"(anonymous_1)","line":3,"loc":{"start":{"line":3,"column":27},"end":{"line":3,"column":37}}},"2":{"name":"(anonymous_2)","line":5,"loc":{"start":{"line":5,"column":28},"end":{"line":5,"column":38}}},"3":{"name":"(anonymous_3)","line":9,"loc":{"start":{"line":9,"column":91},"end":{"line":9,"column":101}}},"4":{"name":"(anonymous_4)","line":15,"loc":{"start":{"line":15,"column":34},"end":{"line":15,"column":44}}},"5":{"name":"(anonymous_5)","line":20,"loc":{"start":{"line":20,"column":61},"end":{"line":20,"column":71}}},"6":{"name":"(anonymous_6)","line":27,"loc":{"start":{"line":27,"column":76},"end":{"line":27,"column":86}}},"7":{"name":"(anonymous_7)","line":32,"loc":{"start":{"line":32,"column":38},"end":{"line":32,"column":48}}},"8":{"name":"(anonymous_8)","line":36,"loc":{"start":{"line":36,"column":26},"end":{"line":36,"column":36}}},"9":{"name":"(anonymous_9)","line":38,"loc":{"start":{"line":38,"column":76},"end":{"line":38,"column":86}}},"10":{"name":"(anonymous_10)","line":47,"loc":{"start":{"line":47,"column":81},"end":{"line":47,"column":91}}},"11":{"name":"(anonymous_11)","line":51,"loc":{"start":{"line":51,"column":76},"end":{"line":51,"column":86}}},"12":{"name":"(anonymous_12)","line":55,"loc":{"start":{"line":55,"column":84},"end":{"line":55,"column":94}}},"13":{"name":"(anonymous_13)","line":59,"loc":{"start":{"line":59,"column":59},"end":{"line":59,"column":69}}}},"statementMap":{"1":{"start":{"line":1,"column":0},"end":{"line":1,"column":52}},"2":{"start":{"line":3,"column":0},"end":{"line":67,"column":3}},"3":{"start":{"line":5,"column":2},"end":{"line":7,"column":5}},"4":{"start":{"line":6,"column":4},"end":{"line":6,"column":40}},"5":{"start":{"line":9,"column":2},"end":{"line":13,"column":5}},"6":{"start":{"line":10,"column":4},"end":{"line":10,"column":42}},"7":{"start":{"line":11,"column":4},"end":{"line":11,"column":45}},"8":{"start":{"line":12,"column":4},"end":{"line":12,"column":54}},"9":{"start":{"line":15,"column":2},"end":{"line":31,"column":5}},"10":{"start":{"line":17,"column":4},"end":{"line":30,"column":5}},"11":{"start":{"line":18,"column":6},"end":{"line":18,"column":41}},"12":{"start":{"line":20,"column":6},"end":{"line":25,"column":9}},"13":{"start":{"line":21,"column":8},"end":{"line":21,"column":43}},"14":{"start":{"line":22,"column":7},"end":{"line":22,"column":44}},"15":{"start":{"line":23,"column":7},"end":{"line":23,"column":45}},"16":{"start":{"line":24,"column":7},"end":{"line":24,"column":45}},"17":{"start":{"line":27,"column":6},"end":{"line":29,"column":9}},"18":{"start":{"line":28,"column":8},"end":{"line":28,"column":63}},"19":{"start":{"line":32,"column":2},"end":{"line":66,"column":5}},"20":{"start":{"line":34,"column":4},"end":{"line":34,"column":39}},"21":{"start":{"line":36,"column":4},"end":{"line":65,"column":7}},"22":{"start":{"line":38,"column":6},"end":{"line":45,"column":9}},"23":{"start":{"line":39,"column":8},"end":{"line":39,"column":81}},"24":{"start":{"line":40,"column":8},"end":{"line":40,"column":82}},"25":{"start":{"line":41,"column":7},"end":{"line":41,"column":88}},"26":{"start":{"line":42,"column":8},"end":{"line":42,"column":85}},"27":{"start":{"line":43,"column":7},"end":{"line":43,"column":81}},"28":{"start":{"line":44,"column":7},"end":{"line":44,"column":85}},"29":{"start":{"line":47,"column":6},"end":{"line":49,"column":9}},"30":{"start":{"line":48,"column":7},"end":{"line":48,"column":81}},"31":{"start":{"line":51,"column":6},"end":{"line":53,"column":9}},"32":{"start":{"line":52,"column":7},"end":{"line":52,"column":81}},"33":{"start":{"line":55,"column":6},"end":{"line":57,"column":9}},"34":{"start":{"line":56,"column":7},"end":{"line":56,"column":79}},"35":{"start":{"line":59,"column":6},"end":{"line":64,"column":9}},"36":{"start":{"line":60,"column":7},"end":{"line":61,"column":7}},"37":{"start":{"line":61,"column":7},"end":{"line":61,"column":86}},"38":{"start":{"line":62,"column":8},"end":{"line":62,"column":89}},"39":{"start":{"line":63,"column":8},"end":{"line":63,"column":87}}},"branchMap":{}},"/Users/zachjones/WebstormProjects/daProxy/spec/unit/xss.spec.js":{"path":"/Users/zachjones/WebstormProjects/daProxy/spec/unit/xss.spec.js","s":{"1":1,"2":1,"3":1,"4":1,"5":1,"6":1,"7":1,"8":1,"9":2,"10":2,"11":2,"12":2,"13":2,"14":2,"15":2,"16":2,"17":1,"18":1,"19":1,"20":1,"21":1,"22":1,"23":1,"24":1,"25":1,"26":1,"27":1,"28":1,"29":1,"30":1},"b":{},"f":{"1":1,"2":1,"3":1,"4":2,"5":2,"6":1,"7":1,"8":1,"9":1,"10":1,"11":1,"12":1,"13":1},"fnMap":{"1":{"name":"(anonymous_1)","line":3,"loc":{"start":{"line":3,"column":26},"end":{"line":3,"column":37}}},"2":{"name":"(anonymous_2)","line":5,"loc":{"start":{"line":5,"column":91},"end":{"line":5,"column":102}}},"3":{"name":"(anonymous_3)","line":11,"loc":{"start":{"line":11,"column":33},"end":{"line":11,"column":44}}},"4":{"name":"(anonymous_4)","line":16,"loc":{"start":{"line":16,"column":62},"end":{"line":16,"column":73}}},"5":{"name":"(anonymous_5)","line":23,"loc":{"start":{"line":23,"column":76},"end":{"line":23,"column":87}}},"6":{"name":"(anonymous_6)","line":29,"loc":{"start":{"line":29,"column":39},"end":{"line":29,"column":50}}},"7":{"name":"(anonymous_7)","line":32,"loc":{"start":{"line":32,"column":26},"end":{"line":32,"column":37}}},"8":{"name":"(anonymous_8)","line":34,"loc":{"start":{"line":34,"column":64},"end":{"line":34,"column":75}}},"9":{"name":"(anonymous_9)","line":38,"loc":{"start":{"line":38,"column":52},"end":{"line":38,"column":63}}},"10":{"name":"(anonymous_10)","line":61,"loc":{"start":{"line":61,"column":36},"end":{"line":61,"column":47}}},"11":{"name":"(anonymous_11)","line":65,"loc":{"start":{"line":65,"column":26},"end":{"line":65,"column":37}}},"12":{"name":"(anonymous_12)","line":67,"loc":{"start":{"line":67,"column":68},"end":{"line":67,"column":79}}},"13":{"name":"(anonymous_13)","line":71,"loc":{"start":{"line":71,"column":52},"end":{"line":71,"column":63}}}},"statementMap":{"1":{"start":{"line":1,"column":0},"end":{"line":1,"column":50}},"2":{"start":{"line":3,"column":0},"end":{"line":78,"column":3}},"3":{"start":{"line":5,"column":2},"end":{"line":9,"column":5}},"4":{"start":{"line":6,"column":4},"end":{"line":6,"column":41}},"5":{"start":{"line":7,"column":4},"end":{"line":7,"column":44}},"6":{"start":{"line":8,"column":4},"end":{"line":8,"column":53}},"7":{"start":{"line":11,"column":2},"end":{"line":27,"column":5}},"8":{"start":{"line":13,"column":4},"end":{"line":26,"column":5}},"9":{"start":{"line":14,"column":6},"end":{"line":14,"column":40}},"10":{"start":{"line":16,"column":6},"end":{"line":21,"column":9}},"11":{"start":{"line":17,"column":8},"end":{"line":17,"column":43}},"12":{"start":{"line":18,"column":8},"end":{"line":18,"column":45}},"13":{"start":{"line":19,"column":8},"end":{"line":19,"column":46}},"14":{"start":{"line":20,"column":8},"end":{"line":20,"column":46}},"15":{"start":{"line":23,"column":6},"end":{"line":25,"column":9}},"16":{"start":{"line":24,"column":8},"end":{"line":24,"column":63}},"17":{"start":{"line":29,"column":2},"end":{"line":42,"column":5}},"18":{"start":{"line":30,"column":4},"end":{"line":30,"column":38}},"19":{"start":{"line":32,"column":4},"end":{"line":41,"column":7}},"20":{"start":{"line":34,"column":6},"end":{"line":36,"column":9}},"21":{"start":{"line":35,"column":8},"end":{"line":35,"column":87}},"22":{"start":{"line":38,"column":6},"end":{"line":40,"column":9}},"23":{"start":{"line":39,"column":8},"end":{"line":39,"column":80}},"24":{"start":{"line":61,"column":2},"end":{"line":76,"column":5}},"25":{"start":{"line":63,"column":4},"end":{"line":63,"column":38}},"26":{"start":{"line":65,"column":4},"end":{"line":75,"column":7}},"27":{"start":{"line":67,"column":6},"end":{"line":69,"column":9}},"28":{"start":{"line":68,"column":8},"end":{"line":68,"column":88}},"29":{"start":{"line":71,"column":6},"end":{"line":73,"column":9}},"30":{"start":{"line":72,"column":8},"end":{"line":72,"column":93}}},"branchMap":{}}}