TN:
SF:/Users/zachjones/WebstormProjects/daProxy/spec/unit/attack.spec.js
FN:4,(anonymous_1)
FN:6,(anonymous_2)
FN:11,(anonymous_3)
FN:21,(anonymous_4)
FN:31,(anonymous_5)
FN:40,(anonymous_6)
FNF:6
FNH:6
FNDA:1,(anonymous_1)
FNDA:1,(anonymous_2)
FNDA:1,(anonymous_3)
FNDA:1,(anonymous_4)
FNDA:1,(anonymous_5)
FNDA:1,(anonymous_6)
DA:1,1
DA:2,1
DA:4,1
DA:6,1
DA:7,1
DA:8,1
DA:11,1
DA:12,1
DA:13,1
DA:15,1
DA:16,1
DA:17,1
DA:18,1
DA:21,1
DA:22,1
DA:23,1
DA:25,1
DA:26,1
DA:27,1
DA:28,1
DA:31,1
DA:32,1
DA:33,1
DA:35,1
DA:36,1
DA:37,1
DA:40,1
DA:41,1
DA:42,1
DA:44,1
DA:45,1
DA:46,1
LF:32
LH:32
BRF:0
BRH:0
end_of_record
TN:
SF:/Users/zachjones/WebstormProjects/daProxy/lib/attack.js
FN:9,check
FNF:1
FNH:1
FNDA:4,check
DA:2,1
DA:3,1
DA:4,1
DA:5,1
DA:6,1
DA:7,1
DA:9,1
DA:11,4
DA:12,4
DA:15,4
DA:16,4
DA:17,4
DA:18,4
DA:21,4
DA:22,1
DA:25,4
DA:26,1
DA:29,4
DA:30,1
DA:33,4
DA:34,0
DA:38,4
DA:39,3
DA:42,1
DA:43,1
DA:47,1
LF:26
LH:25
BRDA:21,1,0,1
BRDA:21,1,1,3
BRDA:25,2,0,1
BRDA:25,2,1,3
BRDA:29,3,0,1
BRDA:29,3,1,3
BRDA:33,4,0,0
BRDA:33,4,1,4
BRDA:38,5,0,3
BRDA:38,5,1,1
BRF:10
BRH:9
end_of_record
TN:
SF:/Users/zachjones/WebstormProjects/daProxy/lib/requestWriter.js
FN:3,requestWriter
FN:5,(anonymous_2)
FNF:2
FNH:0
FNDA:0,requestWriter
FNDA:0,(anonymous_2)
DA:1,1
DA:3,1
DA:4,0
DA:5,0
DA:6,0
DA:7,0
DA:11,1
LF:7
LH:3
BRDA:6,1,0,0
BRDA:6,1,1,0
BRF:2
BRH:0
end_of_record
TN:
SF:/Users/zachjones/WebstormProjects/daProxy/lib/requestSchema.js
FNF:0
FNH:0
DA:1,1
DA:3,1
DA:15,1
LF:3
LH:3
BRF:0
BRH:0
end_of_record
TN:
SF:/Users/zachjones/WebstormProjects/daProxy/lib/waf/inspectors/inspect.js
FN:3,(anonymous_1)
FNF:1
FNH:1
FNDA:23,(anonymous_1)
DA:3,1
DA:4,23
DA:11,23
DA:12,56
DA:13,8
DA:14,8
DA:15,8
DA:16,8
DA:18,56
DA:19,0
DA:20,0
DA:21,0
DA:22,0
DA:25,23
LF:14
LH:10
BRDA:12,1,0,8
BRDA:12,1,1,48
BRDA:18,2,0,0
BRDA:18,2,1,56
BRDA:25,3,0,8
BRDA:25,3,1,15
BRF:6
BRH:5
end_of_record
TN:
SF:/Users/zachjones/WebstormProjects/daProxy/lib/waf/inspectors/xss.js
FNF:0
FNH:0
DA:1,1
LF:1
LH:1
BRF:0
BRH:0
end_of_record
TN:
SF:/Users/zachjones/WebstormProjects/daProxy/lib/waf/inspectors/sqli.js
FNF:0
FNH:0
DA:1,1
LF:1
LH:1
BRF:0
BRH:0
end_of_record
TN:
SF:/Users/zachjones/WebstormProjects/daProxy/lib/waf/inspectors/dirTrav.js
FNF:0
FNH:0
DA:4,1
LF:1
LH:1
BRF:0
BRH:0
end_of_record
TN:
SF:/Users/zachjones/WebstormProjects/daProxy/lib/waf/inspectors/rce.js
FNF:0
FNH:0
DA:4,1
LF:1
LH:1
BRF:0
BRH:0
end_of_record
TN:
SF:/Users/zachjones/WebstormProjects/daProxy/spec/unit/cookieparser.spec.js
FN:6,(anonymous_1)
FN:8,(anonymous_2)
FN:13,(anonymous_3)
FN:27,(anonymous_4)
FNF:4
FNH:4
FNDA:1,(anonymous_1)
FNDA:1,(anonymous_2)
FNDA:1,(anonymous_3)
FNDA:1,(anonymous_4)
DA:4,1
DA:6,1
DA:8,1
DA:9,1
DA:10,1
DA:13,1
DA:14,1
DA:19,1
DA:21,1
DA:22,1
DA:23,1
DA:24,1
DA:27,1
DA:28,1
DA:33,1
DA:35,1
DA:36,1
DA:37,1
LF:18
LH:18
BRF:0
BRH:0
end_of_record
TN:
SF:/Users/zachjones/WebstormProjects/daProxy/lib/cookieparser.js
FN:3,parseCookies
FN:7,(anonymous_2)
FNF:2
FNH:2
FNDA:2,parseCookies
FNDA:5,(anonymous_2)
DA:1,1
DA:3,1
DA:4,2
DA:7,2
DA:8,5
DA:9,5
DA:10,5
DA:13,1
DA:14,1
DA:17,2
LF:10
LH:10
BRDA:7,1,0,2
BRDA:7,1,1,2
BRF:2
BRH:2
end_of_record
TN:
SF:/Users/zachjones/WebstormProjects/daProxy/spec/unit/inspect.spec.js
FN:7,(anonymous_1)
FN:9,(anonymous_2)
FN:13,(anonymous_3)
FN:20,(anonymous_4)
FN:27,(anonymous_5)
FN:37,(anonymous_6)
FN:47,(anonymous_7)
FN:57,(anonymous_8)
FN:67,(anonymous_9)
FNF:9
FNH:9
FNDA:1,(anonymous_1)
FNDA:1,(anonymous_2)
FNDA:1,(anonymous_3)
FNDA:1,(anonymous_4)
FNDA:1,(anonymous_5)
FNDA:1,(anonymous_6)
FNDA:1,(anonymous_7)
FNDA:1,(anonymous_8)
FNDA:1,(anonymous_9)
DA:1,1
DA:2,1
DA:3,1
DA:4,1
DA:5,1
DA:7,1
DA:9,1
DA:10,1
DA:13,1
DA:14,1
DA:15,1
DA:17,1
DA:20,1
DA:21,1
DA:22,1
DA:24,1
DA:27,1
DA:28,1
DA:29,1
DA:31,1
DA:32,1
DA:33,1
DA:34,1
DA:37,1
DA:38,1
DA:39,1
DA:41,1
DA:42,1
DA:43,1
DA:44,1
DA:47,1
DA:48,1
DA:49,1
DA:51,1
DA:52,1
DA:53,1
DA:54,1
DA:57,1
DA:58,1
DA:59,1
DA:61,1
DA:62,1
DA:63,1
DA:64,1
DA:67,1
DA:68,1
DA:69,1
DA:71,1
DA:72,1
DA:73,1
DA:74,1
LF:51
LH:51
BRF:0
BRH:0
end_of_record
TN:
SF:/Users/zachjones/WebstormProjects/daProxy/spec/unit/proxyserver.spec.js
FN:9,(anonymous_1)
FN:11,(anonymous_2)
FNF:2
FNH:2
FNDA:1,(anonymous_1)
FNDA:1,(anonymous_2)
DA:4,1
DA:5,1
DA:6,1
DA:9,1
DA:11,1
DA:12,1
DA:13,1
DA:14,1
DA:15,1
DA:16,1
DA:17,1
DA:18,1
DA:19,1
LF:13
LH:13
BRF:0
BRH:0
end_of_record
TN:
SF:/Users/zachjones/WebstormProjects/daProxy/lib/proxyserver.js
FN:10,(anonymous_1)
FN:15,(anonymous_2)
FN:20,(anonymous_3)
FN:22,(anonymous_4)
FN:31,(anonymous_5)
FN:43,(anonymous_6)
FN:48,(anonymous_7)
FN:67,createServer
FN:72,(anonymous_9)
FN:75,(anonymous_10)
FNF:10
FNH:1
FNDA:1,(anonymous_1)
FNDA:0,(anonymous_2)
FNDA:0,(anonymous_3)
FNDA:0,(anonymous_4)
FNDA:0,(anonymous_5)
FNDA:0,(anonymous_6)
FNDA:0,(anonymous_7)
FNDA:0,createServer
FNDA:0,(anonymous_9)
FNDA:0,(anonymous_10)
DA:1,1
DA:10,1
DA:12,1
DA:15,1
DA:17,0
DA:20,1
DA:21,0
DA:22,0
DA:23,0
DA:24,0
DA:26,0
DA:27,0
DA:31,1
DA:32,0
DA:33,0
DA:34,0
DA:35,0
DA:38,0
DA:40,0
DA:43,1
DA:44,0
DA:48,1
DA:49,0
DA:51,0
DA:52,0
DA:53,0
DA:54,0
DA:56,0
DA:61,0
DA:62,0
DA:63,0
DA:67,1
DA:68,0
DA:69,0
DA:70,0
DA:72,0
DA:73,0
DA:75,0
DA:76,0
DA:78,0
LF:40
LH:9
BRDA:23,1,0,0
BRDA:23,1,1,0
BRDA:23,2,0,0
BRDA:23,2,1,0
BRDA:33,3,0,0
BRDA:33,3,1,0
BRDA:44,4,0,0
BRDA:44,4,1,0
BRDA:49,5,0,0
BRDA:49,5,1,0
BRDA:49,6,0,0
BRDA:49,6,1,0
BRF:12
BRH:0
end_of_record
TN:
SF:/Users/zachjones/WebstormProjects/daProxy/spec/unit/sqli.spec.js
FN:3,(anonymous_1)
FN:5,(anonymous_2)
FN:9,(anonymous_3)
FN:15,(anonymous_4)
FN:20,(anonymous_5)
FN:27,(anonymous_6)
FN:32,(anonymous_7)
FN:36,(anonymous_8)
FN:38,(anonymous_9)
FN:47,(anonymous_10)
FN:51,(anonymous_11)
FN:55,(anonymous_12)
FN:59,(anonymous_13)
FNF:13
FNH:13
FNDA:1,(anonymous_1)
FNDA:1,(anonymous_2)
FNDA:1,(anonymous_3)
FNDA:1,(anonymous_4)
FNDA:5,(anonymous_5)
FNDA:5,(anonymous_6)
FNDA:1,(anonymous_7)
FNDA:1,(anonymous_8)
FNDA:1,(anonymous_9)
FNDA:1,(anonymous_10)
FNDA:1,(anonymous_11)
FNDA:1,(anonymous_12)
FNDA:1,(anonymous_13)
DA:1,1
DA:3,1
DA:5,1
DA:6,1
DA:9,1
DA:10,1
DA:11,1
DA:12,1
DA:15,1
DA:17,1
DA:18,5
DA:20,5
DA:21,5
DA:22,5
DA:23,5
DA:24,5
DA:27,5
DA:28,5
DA:32,1
DA:34,1
DA:36,1
DA:38,1
DA:39,1
DA:40,1
DA:41,1
DA:42,1
DA:43,1
DA:44,1
DA:47,1
DA:48,1
DA:51,1
DA:52,1
DA:55,1
DA:56,1
DA:59,1
DA:60,1
DA:61,1
DA:62,1
DA:63,1
LF:39
LH:39
BRF:0
BRH:0
end_of_record
TN:
SF:/Users/zachjones/WebstormProjects/daProxy/spec/unit/xss.spec.js
FN:3,(anonymous_1)
FN:5,(anonymous_2)
FN:11,(anonymous_3)
FN:16,(anonymous_4)
FN:23,(anonymous_5)
FN:29,(anonymous_6)
FN:32,(anonymous_7)
FN:34,(anonymous_8)
FN:38,(anonymous_9)
FN:61,(anonymous_10)
FN:65,(anonymous_11)
FN:67,(anonymous_12)
FN:71,(anonymous_13)
FNF:13
FNH:13
FNDA:1,(anonymous_1)
FNDA:1,(anonymous_2)
FNDA:1,(anonymous_3)
FNDA:2,(anonymous_4)
FNDA:2,(anonymous_5)
FNDA:1,(anonymous_6)
FNDA:1,(anonymous_7)
FNDA:1,(anonymous_8)
FNDA:1,(anonymous_9)
FNDA:1,(anonymous_10)
FNDA:1,(anonymous_11)
FNDA:1,(anonymous_12)
FNDA:1,(anonymous_13)
DA:1,1
DA:3,1
DA:5,1
DA:6,1
DA:7,1
DA:8,1
DA:11,1
DA:13,1
DA:14,2
DA:16,2
DA:17,2
DA:18,2
DA:19,2
DA:20,2
DA:23,2
DA:24,2
DA:29,1
DA:30,1
DA:32,1
DA:34,1
DA:35,1
DA:38,1
DA:39,1
DA:61,1
DA:63,1
DA:65,1
DA:67,1
DA:68,1
DA:71,1
DA:72,1
LF:30
LH:30
BRF:0
BRH:0
end_of_record
